<?xml version="1.0" encoding="UTF-8"?>
<!-- Generated by org.testng.reporters.JUnitReportReporter -->
<testsuite hostname="DESKTOP-NPH1CKP" failures="0" tests="4" name="fr.univavignon.pokedex.api.IPokedexTest" time="0.016" errors="0" timestamp="2023-05-01T16:37:26 CEST" skipped="0">
  <testcase classname="fr.univavignon.pokedex.api.IPokedexTest" name="getPokemons" time="0.003"/>
  <system-out/>
  <testcase classname="fr.univavignon.pokedex.api.IPokedexTest" name="addPokemon" time="0.005"/>
  <system-out/>
  <testcase classname="fr.univavignon.pokedex.api.IPokedexTest" name="size" time="0.003"/>
  <system-out/>
  <testcase classname="fr.univavignon.pokedex.api.IPokedexTest" name="getPokemon" time="0.005"/>
  <system-out/>
</testsuite> <!-- fr.univavignon.pokedex.api.IPokedexTest -->
