<?xml version="1.0" encoding="UTF-8"?>
<!-- Generated by org.testng.reporters.JUnitReportReporter -->
<testsuite hostname="DESKTOP-NPH1CKP" failures="0" tests="2" name="fr.univavignon.pokedex.api.IPokemonFactoryTest" time="0.006" errors="0" timestamp="2023-05-01T16:37:26 CEST" skipped="0">
  <testcase classname="fr.univavignon.pokedex.api.IPokemonFactoryTest" name="createPokemon" time="0.004"/>
  <system-out/>
  <testcase classname="fr.univavignon.pokedex.api.IPokemonFactoryTest" name="createPokemon133" time="0.002"/>
  <system-out/>
</testsuite> <!-- fr.univavignon.pokedex.api.IPokemonFactoryTest -->
