<?xml version="1.0" encoding="UTF-8"?>
<!-- Generated by org.testng.reporters.JUnitReportReporter -->
<testsuite hostname="DESKTOP-NPH1CKP" failures="0" tests="1" name="fr.univavignon.pokedex.api.IPokedexFactoryTest" time="0.042" errors="0" timestamp="2023-05-01T16:37:26 CEST" skipped="0">
  <testcase classname="fr.univavignon.pokedex.api.IPokedexFactoryTest" name="createPokedex" time="0.042"/>
  <system-out/>
</testsuite> <!-- fr.univavignon.pokedex.api.IPokedexFactoryTest -->
