<?xml version="1.0" encoding="UTF-8"?>
<!-- Generated by org.testng.reporters.JUnitReportReporter -->
<testsuite hostname="DESKTOP-NPH1CKP" failures="0" tests="1" name="fr.univavignon.pokedex.api.IPokemonTrainerFactoryTest" time="0.004" errors="0" timestamp="2023-05-01T16:37:26 CEST" skipped="0">
  <testcase classname="fr.univavignon.pokedex.api.IPokemonTrainerFactoryTest" name="createTrainer" time="0.004"/>
  <system-out/>
</testsuite> <!-- fr.univavignon.pokedex.api.IPokemonTrainerFactoryTest -->
